SF:lib/main.dart
DA:6,0
DA:7,0
DA:11,1
DA:13,1
DA:15,1
DA:18,1
DA:19,1
DA:21,1
LF:8
LH:6
end_of_record
SF:lib/core/theme/app_theme.dart
DA:9,2
DA:10,2
DA:12,2
DA:13,4
DA:14,2
DA:15,4
DA:16,4
DA:17,4
DA:18,4
DA:19,4
DA:20,4
DA:21,2
DA:22,2
DA:23,2
DA:24,4
DA:35,1
DA:36,1
DA:38,1
DA:39,2
DA:40,1
DA:41,2
DA:42,2
DA:43,2
DA:44,2
DA:45,2
DA:46,2
DA:47,1
DA:48,1
DA:49,1
DA:50,2
DA:61,2
DA:95,1
DA:125,4
DA:143,4
DA:144,2
DA:146,2
DA:147,2
DA:152,2
DA:153,2
DA:154,2
DA:155,2
DA:156,2
DA:160,2
DA:161,2
DA:166,2
DA:167,2
DA:168,2
DA:169,2
DA:170,6
DA:172,2
DA:173,2
DA:178,2
DA:179,2
DA:180,2
DA:181,2
DA:186,2
DA:187,2
DA:189,2
DA:190,2
DA:191,2
DA:194,2
DA:195,2
DA:198,2
DA:199,2
DA:200,4
DA:205,4
DA:206,2
DA:207,2
DA:208,2
DA:209,2
DA:215,2
DA:230,2
DA:238,1
DA:246,1
DA:247,0
DA:248,1
DA:249,1
DA:250,1
DA:251,1
DA:255,1
DA:257,1
DA:258,1
DA:259,3
DA:260,3
DA:261,3
DA:262,3
DA:263,3
LF:87
LH:86
end_of_record
SF:lib/router/app_router.dart
DA:4,3
DA:6,1
DA:7,1
DA:9,1
LF:4
LH:4
end_of_record
