SF:lib/core/database/app_database.g.dart
DA:11,1
DA:14,2
DA:16,1
DA:23,2
DA:25,1
DA:34,2
DA:36,1
DA:44,2
DA:46,1
DA:55,2
DA:57,1
DA:66,1
DA:67,1
DA:69,1
DA:73,1
DA:82,2
DA:84,1
DA:89,1
DA:90,1
DA:91,1
DA:92,1
DA:93,1
DA:94,1
DA:95,1
DA:96,1
DA:97,1
DA:99,1
DA:100,2
DA:101,1
DA:104,1
DA:109,1
DA:110,1
DA:111,1
DA:112,4
DA:114,0
DA:116,1
DA:117,1
DA:119,3
DA:122,0
DA:124,1
DA:125,0
DA:127,0
DA:130,1
DA:131,0
DA:133,0
DA:134,0
DA:139,1
DA:140,0
DA:142,0
DA:143,0
DA:148,1
DA:149,0
DA:151,0
DA:152,0
DA:157,1
DA:158,1
DA:160,3
DA:163,0
DA:168,1
DA:169,1
DA:170,1
DA:172,0
DA:173,1
DA:174,3
DA:176,2
DA:178,3
DA:180,2
DA:182,3
DA:184,2
DA:186,3
DA:188,2
DA:190,3
DA:192,2
DA:194,3
DA:196,2
DA:198,3
DA:200,2
DA:205,0
DA:207,0
DA:220,1
DA:229,0
DA:231,0
DA:232,0
DA:233,0
DA:234,0
DA:235,0
DA:237,0
DA:238,0
DA:239,0
DA:240,0
DA:244,0
DA:245,0
DA:246,0
DA:247,0
DA:248,0
DA:250,0
DA:251,0
DA:252,0
DA:253,0
DA:254,0
DA:258,0
DA:262,0
DA:263,0
DA:264,0
DA:265,0
DA:266,0
DA:267,0
DA:268,0
DA:270,0
DA:271,0
DA:273,0
DA:274,0
DA:276,0
DA:279,0
DA:281,0
DA:282,0
DA:283,0
DA:284,0
DA:285,0
DA:286,0
DA:287,0
DA:288,0
DA:289,0
DA:293,0
DA:301,0
DA:302,0
DA:303,0
DA:304,0
DA:305,0
DA:306,0
DA:307,0
DA:308,0
DA:310,0
DA:311,0
DA:312,0
DA:313,0
DA:314,0
DA:315,0
DA:316,0
DA:317,0
DA:318,0
DA:319,0
DA:320,0
DA:321,0
DA:322,0
DA:323,0
DA:324,0
DA:328,0
DA:330,0
DA:331,0
DA:332,0
DA:333,0
DA:334,0
DA:335,0
DA:336,0
DA:337,0
DA:338,0
DA:339,0
DA:342,0
DA:343,0
DA:344,0
DA:345,0
DA:346,0
DA:347,0
DA:348,0
DA:349,0
DA:350,0
DA:352,0
DA:355,0
DA:356,0
DA:357,0
DA:358,0
DA:359,0
DA:360,0
DA:361,0
DA:362,0
DA:374,0
DA:384,1
DA:393,1
DA:394,1
DA:395,1
DA:396,0
DA:406,0
DA:407,0
DA:408,0
DA:409,0
DA:411,0
DA:413,0
DA:415,0
DA:416,0
DA:417,0
DA:421,0
DA:431,0
DA:432,0
DA:433,0
DA:434,0
DA:435,0
DA:437,0
DA:439,0
DA:440,0
DA:441,0
DA:445,1
DA:447,1
DA:448,2
DA:449,4
DA:451,2
DA:452,4
DA:454,2
DA:455,0
DA:457,2
DA:458,0
DA:460,2
DA:461,0
DA:462,0
DA:465,2
DA:466,0
DA:467,0
DA:470,2
DA:471,4
DA:473,2
DA:474,0
DA:479,0
DA:481,0
DA:482,0
DA:483,0
DA:484,0
DA:485,0
DA:486,0
DA:487,0
DA:488,0
DA:489,0
DA:490,0
DA:491,0
DA:500,1
DA:503,2
DA:505,1
DA:512,2
DA:514,1
DA:523,2
DA:525,1
DA:534,2
DA:536,1
DA:540,1
DA:549,2
DA:551,1
DA:560,2
DA:562,1
DA:567,1
DA:568,1
DA:569,1
DA:570,1
DA:571,1
DA:572,1
DA:573,1
DA:574,1
DA:576,1
DA:577,2
DA:578,1
DA:581,1
DA:586,1
DA:587,1
DA:588,1
DA:589,4
DA:591,0
DA:593,1
DA:594,1
DA:596,3
DA:599,0
DA:601,1
DA:602,0
DA:604,0
DA:605,0
DA:610,1
DA:611,0
DA:613,0
DA:616,1
DA:617,1
DA:619,3
DA:622,0
DA:624,1
DA:625,1
DA:627,3
DA:630,0
DA:635,1
DA:636,1
DA:637,1
DA:639,0
DA:640,1
DA:641,3
DA:643,2
DA:645,3
DA:647,2
DA:649,3
DA:651,2
DA:653,3
DA:655,2
DA:657,3
DA:659,2
DA:661,3
DA:663,2
DA:668,0
DA:670,0
DA:682,1
DA:690,0
DA:692,0
DA:693,0
DA:694,0
DA:695,0
DA:696,0
DA:698,0
DA:699,0
DA:700,0
DA:704,0
DA:705,0
DA:706,0
DA:707,0
DA:708,0
DA:710,0
DA:711,0
DA:712,0
DA:713,0
DA:717,0
DA:721,0
DA:722,0
DA:723,0
DA:724,0
DA:725,0
DA:726,0
DA:727,0
DA:728,0
DA:731,0
DA:733,0
DA:734,0
DA:735,0
DA:736,0
DA:737,0
DA:738,0
DA:739,0
DA:740,0
DA:744,0
DA:751,0
DA:752,0
DA:753,0
DA:754,0
DA:755,0
DA:756,0
DA:757,0
DA:759,0
DA:760,0
DA:761,0
DA:762,0
DA:763,0
DA:764,0
DA:765,0
DA:766,0
DA:767,0
DA:768,0
DA:769,0
DA:770,0
DA:774,0
DA:776,0
DA:777,0
DA:778,0
DA:779,0
DA:780,0
DA:781,0
DA:782,0
DA:783,0
DA:784,0
DA:787,0
DA:789,0
DA:790,0
DA:793,0
DA:794,0
DA:795,0
DA:796,0
DA:797,0
DA:798,0
DA:799,0
DA:810,0
DA:819,1
DA:827,1
DA:828,1
DA:829,1
DA:830,1
DA:831,0
DA:840,0
DA:841,0
DA:842,0
DA:843,0
DA:844,0
DA:845,0
DA:846,0
DA:847,0
DA:851,0
DA:860,0
DA:861,0
DA:862,0
DA:863,0
DA:864,0
DA:865,0
DA:866,0
DA:867,0
DA:871,1
DA:873,1
DA:874,2
DA:875,4
DA:877,2
DA:878,4
DA:880,2
DA:881,0
DA:883,2
DA:884,0
DA:886,2
DA:887,4
DA:889,2
DA:890,4
DA:892,2
DA:893,0
DA:898,0
DA:900,0
DA:901,0
DA:902,0
DA:903,0
DA:904,0
DA:905,0
DA:906,0
DA:907,0
DA:908,0
DA:909,0
DA:918,1
DA:921,2
DA:923,1
DA:932,2
DA:934,1
DA:938,1
DA:944,2
DA:946,1
DA:955,2
DA:957,1
DA:964,2
DA:966,1
DA:973,2
DA:975,1
DA:984,2
DA:986,1
DA:991,1
DA:992,1
DA:993,1
DA:994,1
DA:995,1
DA:996,1
DA:997,1
DA:998,1
DA:999,1
DA:1001,1
DA:1002,2
DA:1003,1
DA:1006,1
DA:1011,1
DA:1012,1
DA:1013,1
DA:1014,4
DA:1016,0
DA:1018,1
DA:1019,1
DA:1021,3
DA:1024,0
DA:1026,1
DA:1027,1
DA:1029,3
DA:1032,0
DA:1034,1
DA:1035,1
DA:1037,2
DA:1038,1
DA:1043,0
DA:1045,1
DA:1046,0
DA:1048,0
DA:1051,1
DA:1052,1
DA:1054,3
DA:1057,0
DA:1059,1
DA:1060,1
DA:1062,3
DA:1065,0
DA:1070,1
DA:1071,1
DA:1072,1
DA:1074,0
DA:1075,1
DA:1076,3
DA:1078,2
DA:1080,3
DA:1082,2
DA:1084,3
DA:1086,2
DA:1088,3
DA:1090,2
DA:1092,3
DA:1094,2
DA:1096,3
DA:1098,2
DA:1100,3
DA:1102,2
DA:1107,0
DA:1109,0
DA:1130,1
DA:1139,0
DA:1141,0
DA:1142,0
DA:1143,0
DA:1144,0
DA:1145,0
DA:1146,0
DA:1147,0
DA:1149,0
DA:1150,0
DA:1154,0
DA:1155,0
DA:1156,0
DA:1157,0
DA:1158,0
DA:1159,0
DA:1160,0
DA:1161,0
DA:1162,0
DA:1166,0
DA:1170,0
DA:1171,0
DA:1172,0
DA:1173,0
DA:1174,0
DA:1175,0
DA:1176,0
DA:1177,0
DA:1178,0
DA:1181,0
DA:1183,0
DA:1184,0
DA:1185,0
DA:1186,0
DA:1187,0
DA:1188,0
DA:1189,0
DA:1190,0
DA:1191,0
DA:1195,0
DA:1203,0
DA:1204,0
DA:1205,0
DA:1206,0
DA:1207,0
DA:1208,0
DA:1209,0
DA:1210,0
DA:1212,0
DA:1213,0
DA:1214,0
DA:1215,0
DA:1216,0
DA:1217,0
DA:1218,0
DA:1219,0
DA:1220,0
DA:1221,0
DA:1222,0
DA:1223,0
DA:1224,0
DA:1228,0
DA:1230,0
DA:1231,0
DA:1232,0
DA:1233,0
DA:1234,0
DA:1235,0
DA:1236,0
DA:1237,0
DA:1238,0
DA:1239,0
DA:1242,0
DA:1244,0
DA:1245,0
DA:1248,0
DA:1249,0
DA:1250,0
DA:1251,0
DA:1252,0
DA:1253,0
DA:1254,0
DA:1255,0
DA:1267,0
DA:1277,1
DA:1286,1
DA:1287,1
DA:1288,1
DA:1289,1
DA:1290,1
DA:1291,1
DA:1292,0
DA:1302,0
DA:1303,0
DA:1304,0
DA:1305,0
DA:1306,0
DA:1307,0
DA:1308,0
DA:1309,0
DA:1310,0
DA:1314,0
DA:1324,0
DA:1325,0
DA:1326,0
DA:1327,0
DA:1328,0
DA:1329,0
DA:1330,0
DA:1331,0
DA:1332,0
DA:1336,1
DA:1338,1
DA:1339,2
DA:1340,4
DA:1342,2
DA:1343,4
DA:1345,2
DA:1346,4
DA:1348,2
DA:1349,4
DA:1351,2
DA:1352,0
DA:1354,2
DA:1355,4
DA:1357,2
DA:1358,4
DA:1360,2
DA:1361,0
DA:1366,0
DA:1368,0
DA:1369,0
DA:1370,0
DA:1371,0
DA:1372,0
DA:1373,0
DA:1374,0
DA:1375,0
DA:1376,0
DA:1377,0
DA:1378,0
DA:1387,1
DA:1390,2
DA:1392,1
DA:1399,2
DA:1401,1
DA:1410,2
DA:1412,1
DA:1421,2
DA:1423,1
DA:1428,1
DA:1429,5
DA:1430,1
DA:1431,2
DA:1432,1
DA:1435,1
DA:1440,1
DA:1441,1
DA:1442,1
DA:1443,4
DA:1445,0
DA:1447,1
DA:1448,1
DA:1450,3
DA:1453,0
DA:1455,1
DA:1456,1
DA:1458,3
DA:1461,0
DA:1463,1
DA:1464,1
DA:1466,3
DA:1469,0
DA:1474,1
DA:1475,1
DA:1476,1
DA:1478,0
DA:1479,1
DA:1480,3
DA:1482,2
DA:1484,3
DA:1486,2
DA:1488,3
DA:1490,2
DA:1492,3
DA:1494,2
DA:1499,0
DA:1501,0
DA:1515,1
DA:1521,0
DA:1523,0
DA:1524,0
DA:1525,0
DA:1526,0
DA:1527,0
DA:1531,0
DA:1532,0
DA:1533,0
DA:1534,0
DA:1535,0
DA:1536,0
DA:1540,0
DA:1544,0
DA:1545,0
DA:1546,0
DA:1547,0
DA:1548,0
DA:1549,0
DA:1552,0
DA:1554,0
DA:1555,0
DA:1556,0
DA:1557,0
DA:1558,0
DA:1559,0
DA:1563,0
DA:1568,0
DA:1569,0
DA:1570,0
DA:1571,0
DA:1572,0
DA:1574,0
DA:1575,0
DA:1576,0
DA:1577,0
DA:1578,0
DA:1579,0
DA:1583,0
DA:1585,0
DA:1586,0
DA:1587,0
DA:1588,0
DA:1589,0
DA:1590,0
DA:1591,0
DA:1594,0
DA:1595,0
DA:1596,0
DA:1599,0
DA:1600,0
DA:1601,0
DA:1602,0
DA:1603,0
DA:1613,0
DA:1620,1
DA:1626,1
DA:1627,1
DA:1628,1
DA:1629,1
DA:1630,0
DA:1637,0
DA:1638,0
DA:1639,0
DA:1640,0
DA:1641,0
DA:1642,0
DA:1646,0
DA:1653,0
DA:1654,0
DA:1655,0
DA:1656,0
DA:1657,0
DA:1658,0
DA:1662,1
DA:1664,1
DA:1665,2
DA:1666,4
DA:1668,2
DA:1669,4
DA:1671,2
DA:1672,4
DA:1674,2
DA:1675,4
DA:1677,2
DA:1678,0
DA:1683,0
DA:1685,0
DA:1686,0
DA:1687,0
DA:1688,0
DA:1689,0
DA:1690,0
DA:1691,0
DA:1692,0
DA:1697,2
DA:1698,0
DA:1699,2
DA:1700,2
DA:1701,2
DA:1704,1
DA:1705,1
DA:1706,0
DA:1708,0
DA:1709,1
DA:1710,1
DA:1711,1
DA:1712,1
DA:1713,1
DA:1714,1
DA:1716,1
DA:1726,1
DA:1756,0
DA:1763,0
DA:1764,0
DA:1765,0
DA:1768,0
DA:1769,0
DA:1770,0
DA:1773,0
DA:1774,0
DA:1775,0
DA:1778,0
DA:1779,0
DA:1780,0
DA:1783,0
DA:1784,0
DA:1785,0
DA:1788,0
DA:1789,0
DA:1790,0
DA:1793,0
DA:1794,0
DA:1795,0
DA:1801,0
DA:1808,0
DA:1809,0
DA:1810,0
DA:1813,0
DA:1814,0
DA:1815,0
DA:1818,0
DA:1819,0
DA:1820,0
DA:1823,0
DA:1824,0
DA:1825,0
DA:1828,0
DA:1829,0
DA:1830,0
DA:1833,0
DA:1834,0
DA:1835,0
DA:1838,0
DA:1839,0
DA:1840,0
DA:1846,0
DA:1853,0
DA:1854,0
DA:1856,0
DA:1857,0
DA:1859,0
DA:1860,0
DA:1862,0
DA:1863,0
DA:1864,0
DA:1867,0
DA:1868,0
DA:1869,0
DA:1872,0
DA:1873,0
DA:1874,0
DA:1877,0
DA:1878,0
DA:1903,0
DA:1904,0
DA:1905,0
DA:1908,0
DA:1909,0
DA:1910,0
DA:1911,0
DA:1912,0
DA:1913,0
DA:1915,0
DA:1924,0
DA:1935,0
DA:1944,0
DA:1954,0
DA:1955,0
DA:1956,0
DA:2003,0
DA:2009,0
DA:2010,0
DA:2011,0
DA:2012,0
DA:2013,0
DA:2014,0
DA:2018,0
DA:2019,0
DA:2020,0
DA:2021,0
DA:2022,0
DA:2024,0
DA:2025,0
DA:2027,0
DA:2028,0
DA:2035,0
DA:2042,0
DA:2043,0
DA:2044,0
DA:2047,0
DA:2048,0
DA:2049,0
DA:2052,0
DA:2053,0
DA:2054,0
DA:2057,0
DA:2058,0
DA:2059,0
DA:2062,0
DA:2063,0
DA:2064,0
DA:2067,0
DA:2068,0
DA:2069,0
DA:2072,0
DA:2075,0
DA:2077,0
DA:2078,0
DA:2079,0
DA:2081,0
DA:2085,0
DA:2086,0
DA:2087,0
DA:2094,0
DA:2100,0
DA:2107,0
DA:2108,0
DA:2109,0
DA:2112,0
DA:2113,0
DA:2114,0
DA:2117,0
DA:2118,0
DA:2119,0
DA:2122,0
DA:2123,0
DA:2124,0
DA:2127,0
DA:2128,0
DA:2129,0
DA:2132,0
DA:2133,0
DA:2134,0
DA:2140,0
DA:2147,0
DA:2148,0
DA:2150,0
DA:2151,0
DA:2153,0
DA:2154,0
DA:2155,0
DA:2158,0
DA:2159,0
DA:2160,0
DA:2163,0
DA:2164,0
DA:2166,0
DA:2167,0
DA:2169,0
DA:2172,0
DA:2174,0
DA:2175,0
DA:2176,0
DA:2178,0
DA:2182,0
DA:2183,0
DA:2184,0
DA:2191,0
DA:2210,0
DA:2211,0
DA:2212,0
DA:2215,0
DA:2216,0
DA:2217,0
DA:2218,0
DA:2219,0
DA:2220,0
DA:2222,0
DA:2230,0
DA:2240,0
DA:2248,0
DA:2257,0
DA:2258,0
DA:2259,0
DA:2260,0
DA:2261,0
DA:2264,0
DA:2265,0
DA:2266,0
DA:2268,0
DA:2269,0
DA:2272,0
DA:2273,0
DA:2275,0
DA:2282,0
DA:2283,0
DA:2284,0
DA:2288,0
DA:2289,0
DA:2290,0
DA:2345,0
DA:2351,0
DA:2352,0
DA:2353,0
DA:2354,0
DA:2355,0
DA:2359,0
DA:2360,0
DA:2362,0
DA:2363,0
DA:2364,0
DA:2365,0
DA:2366,0
DA:2368,0
DA:2369,0
DA:2376,0
DA:2383,0
DA:2384,0
DA:2385,0
DA:2388,0
DA:2389,0
DA:2390,0
DA:2393,0
DA:2394,0
DA:2395,0
DA:2398,0
DA:2399,0
DA:2400,0
DA:2403,0
DA:2404,0
DA:2405,0
DA:2408,0
DA:2409,0
DA:2410,0
DA:2413,0
DA:2414,0
DA:2416,0
DA:2417,0
DA:2418,0
DA:2420,0
DA:2424,0
DA:2425,0
DA:2426,0
DA:2439,0
DA:2446,0
DA:2447,0
DA:2448,0
DA:2451,0
DA:2452,0
DA:2453,0
DA:2456,0
DA:2457,0
DA:2458,0
DA:2461,0
DA:2462,0
DA:2463,0
DA:2466,0
DA:2467,0
DA:2468,0
DA:2471,0
DA:2472,0
DA:2473,0
DA:2476,0
DA:2477,0
DA:2479,0
DA:2480,0
DA:2481,0
DA:2483,0
DA:2487,0
DA:2488,0
DA:2489,0
DA:2502,0
DA:2509,0
DA:2510,0
DA:2512,0
DA:2513,0
DA:2515,0
DA:2516,0
DA:2517,0
DA:2520,0
DA:2521,0
DA:2523,0
DA:2524,0
DA:2526,0
DA:2527,0
DA:2529,0
DA:2530,0
DA:2532,0
DA:2533,0
DA:2534,0
DA:2536,0
DA:2540,0
DA:2541,0
DA:2542,0
DA:2568,0
DA:2571,0
DA:2572,0
DA:2575,0
DA:2576,0
DA:2577,0
DA:2578,0
DA:2579,0
DA:2580,0
DA:2582,0
DA:2591,0
DA:2602,0
DA:2611,0
DA:2621,0
DA:2622,0
DA:2623,0
DA:2624,0
DA:2625,0
DA:2628,0
DA:2629,0
DA:2630,0
DA:2632,0
DA:2648,0
DA:2651,0
DA:2653,0
DA:2656,0
DA:2659,0
DA:2660,0
DA:2667,0
DA:2668,0
DA:2709,0
DA:2716,0
DA:2717,0
DA:2718,0
DA:2721,0
DA:2722,0
DA:2723,0
DA:2726,0
DA:2727,0
DA:2728,0
DA:2731,0
DA:2732,0
DA:2733,0
DA:2739,0
DA:2746,0
DA:2747,0
DA:2748,0
DA:2751,0
DA:2752,0
DA:2753,0
DA:2756,0
DA:2757,0
DA:2758,0
DA:2761,0
DA:2762,0
DA:2763,0
DA:2769,0
DA:2776,0
DA:2777,0
DA:2779,0
DA:2780,0
DA:2782,0
DA:2783,0
DA:2785,0
DA:2786,0
DA:2811,0
DA:2814,0
DA:2815,0
DA:2818,0
DA:2819,0
DA:2820,0
DA:2821,0
DA:2822,0
DA:2823,0
DA:2828,0
DA:2834,0
DA:2842,0
DA:2848,0
DA:2855,0
DA:2856,0
DA:2857,0
DA:2887,0
DA:2888,0
DA:2889,0
DA:2890,0
DA:2891,0
DA:2892,0
DA:2893,0
DA:2894,0
DA:2895,0
LF:1194
LH:319
end_of_record
SF:lib/core/database/app_database.dart
DA:15,1
DA:16,1
DA:18,1
DA:21,1
DA:22,1
DA:23,1
DA:24,1
LF:7
LH:7
end_of_record
SF:lib/core/database/tables/business_table.dart
DA:5,0
DA:8,0
DA:9,0
DA:10,0
DA:11,0
DA:12,0
DA:13,0
DA:14,0
DA:15,0
DA:16,0
DA:17,0
DA:19,0
DA:20,0
LF:13
LH:0
end_of_record
SF:lib/core/database/tables/catalog_image_table.dart
DA:5,0
DA:8,0
DA:11,0
DA:14,0
DA:16,0
DA:18,0
DA:19,0
LF:7
LH:0
end_of_record
SF:lib/core/database/tables/customer_table.dart
DA:5,0
DA:8,0
DA:9,0
DA:10,0
DA:11,0
DA:12,0
DA:13,0
DA:15,0
DA:16,0
LF:9
LH:0
end_of_record
SF:lib/core/database/tables/transaction_table.dart
DA:7,0
DA:10,0
DA:13,0
DA:14,0
DA:17,0
DA:20,0
DA:22,0
DA:25,0
DA:27,0
DA:29,0
DA:30,0
LF:11
LH:0
end_of_record
SF:lib/core/localization/locale_provider.g.dart
DA:13,6
DA:16,2
DA:17,2
DA:27,2
DA:28,2
DA:30,2
DA:32,2
DA:35,0
DA:36,0
DA:38,0
DA:43,2
DA:47,2
DA:50,2
DA:52,2
DA:59,4
LF:15
LH:12
end_of_record
SF:lib/core/localization/locale_provider.dart
DA:8,2
DA:11,2
DA:13,1
DA:14,3
DA:15,1
DA:16,3
DA:17,1
DA:19,1
LF:8
LH:8
end_of_record
SF:lib/core/theme/app_theme.dart
DA:9,3
DA:10,3
DA:12,3
DA:13,6
DA:14,3
DA:15,6
DA:16,6
DA:17,6
DA:18,6
DA:19,6
DA:20,6
DA:21,3
DA:22,3
DA:23,3
DA:24,6
DA:35,1
DA:36,1
DA:38,1
DA:39,2
DA:40,1
DA:41,2
DA:42,2
DA:43,2
DA:44,2
DA:45,2
DA:46,2
DA:47,1
DA:48,1
DA:49,1
DA:50,2
DA:61,3
DA:95,1
DA:125,6
DA:143,6
DA:144,3
DA:146,3
DA:147,3
DA:152,3
DA:153,3
DA:154,3
DA:155,3
DA:156,3
DA:160,3
DA:161,3
DA:166,3
DA:167,3
DA:168,3
DA:169,3
DA:170,9
DA:172,3
DA:173,3
DA:178,3
DA:179,3
DA:180,3
DA:181,3
DA:186,3
DA:187,3
DA:189,3
DA:190,3
DA:191,3
DA:194,3
DA:195,3
DA:198,3
DA:199,3
DA:200,6
DA:205,6
DA:206,3
DA:207,3
DA:208,3
DA:209,3
DA:215,3
DA:230,3
DA:238,1
DA:246,1
DA:247,0
DA:248,1
DA:249,1
DA:250,1
DA:251,1
DA:255,1
DA:257,1
DA:258,1
DA:259,3
DA:260,3
DA:261,3
DA:262,3
DA:263,3
LF:87
LH:86
end_of_record
SF:lib/l10n/app_localizations.dart
DA:66,2
DA:67,4
DA:71,2
DA:72,2
DA:118,1
DA:120,2
DA:122,4
DA:125,2
DA:127,6
DA:129,0
DA:133,2
DA:135,2
DA:136,2
DA:137,2
DA:138,1
DA:139,1
DA:140,1
DA:141,1
DA:144,0
LF:19
LH:17
end_of_record
SF:lib/l10n/app_localizations_en.dart
DA:9,4
DA:11,1
DA:14,2
LF:3
LH:3
end_of_record
SF:lib/l10n/app_localizations_hi.dart
DA:9,2
DA:11,0
DA:14,1
LF:3
LH:2
end_of_record
SF:lib/l10n/app_localizations_te.dart
DA:9,2
DA:11,0
DA:14,1
LF:3
LH:2
end_of_record
SF:lib/main.dart
DA:9,0
DA:10,0
DA:14,1
DA:16,1
DA:18,2
DA:20,1
DA:21,3
DA:23,1
DA:24,1
DA:34,1
LF:10
LH:8
end_of_record
SF:lib/router/app_router.dart
DA:7,3
DA:9,1
DA:10,1
DA:12,2
DA:13,2
DA:14,4
DA:15,1
DA:16,1
DA:17,2
DA:18,3
DA:21,1
DA:22,0
DA:23,0
LF:13
LH:11
end_of_record
SF:lib/core/responsive/app_breakpoints.dart
DA:39,2
DA:40,2
DA:48,2
DA:49,4
LF:4
LH:4
end_of_record
SF:lib/core/responsive/responsive_dimensions.dart
DA:97,2
DA:129,1
DA:130,1
DA:162,2
DA:163,2
DA:165,2
DA:166,2
DA:168,2
DA:169,2
DA:173,2
DA:174,2
DA:176,2
DA:177,2
DA:179,2
DA:180,2
DA:182,2
DA:183,2
DA:195,2
DA:196,2
DA:198,2
DA:199,2
DA:205,2
DA:206,2
DA:209,2
DA:210,2
DA:212,2
DA:213,2
LF:27
LH:27
end_of_record
SF:lib/core/responsive/responsive_extension.dart
DA:24,2
DA:25,6
DA:28,6
DA:31,3
DA:37,4
DA:39,2
DA:46,4
DA:48,2
LF:8
LH:8
end_of_record
SF:lib/core/responsive/responsive_layout_builder.dart
DA:28,1
DA:34,1
DA:36,1
DA:37,1
DA:38,2
DA:40,3
DA:41,3
LF:7
LH:7
end_of_record
SF:lib/core/responsive/responsive_text_styles.dart
DA:40,2
DA:59,1
DA:60,1
DA:81,2
DA:82,2
DA:83,2
DA:84,2
DA:85,2
DA:86,2
DA:87,2
DA:88,2
DA:89,2
DA:90,2
DA:91,2
DA:92,2
DA:93,2
DA:94,2
DA:95,2
DA:96,2
DA:97,2
DA:101,2
DA:102,2
DA:105,6
LF:23
LH:23
end_of_record
SF:lib/core/widgets/app_badge.dart
DA:12,0
DA:25,1
DA:27,1
DA:28,1
DA:29,2
DA:30,2
DA:32,1
DA:33,1
DA:34,1
DA:35,1
DA:37,1
DA:38,1
DA:39,1
DA:41,3
DA:44,1
DA:45,1
DA:48,1
DA:50,2
DA:52,1
DA:53,1
DA:54,2
LF:21
LH:20
end_of_record
SF:lib/core/widgets/app_bottom_sheet.dart
DA:9,1
DA:29,0
DA:36,0
DA:42,0
DA:50,1
DA:52,1
DA:53,1
DA:54,2
DA:56,1
DA:57,1
DA:58,1
DA:59,1
DA:60,1
DA:61,1
DA:64,1
DA:66,1
DA:69,1
DA:70,1
DA:71,1
DA:72,1
DA:75,2
DA:76,1
DA:77,1
DA:78,1
DA:82,2
DA:83,1
DA:84,1
DA:85,1
DA:86,1
DA:88,1
DA:89,1
DA:90,1
DA:95,3
DA:97,2
LF:34
LH:31
end_of_record
SF:lib/core/widgets/app_button.dart
DA:12,1
DA:43,1
DA:45,1
DA:46,1
DA:47,1
DA:48,1
DA:49,1
DA:50,1
DA:53,1
DA:54,3
DA:57,2
DA:58,1
DA:61,1
DA:62,1
DA:63,1
DA:68,1
DA:69,1
DA:74,1
DA:75,1
DA:82,1
DA:83,1
DA:88,1
DA:89,1
DA:96,2
DA:97,1
DA:99,1
DA:100,2
DA:101,1
DA:102,2
DA:104,1
DA:105,2
DA:107,2
DA:108,2
DA:109,1
DA:114,2
LF:35
LH:35
end_of_record
SF:lib/core/widgets/app_card.dart
DA:10,1
DA:33,1
DA:35,1
DA:36,2
DA:38,4
DA:39,3
DA:41,1
DA:43,1
DA:45,1
DA:46,1
DA:47,1
DA:48,2
LF:12
LH:12
end_of_record
SF:lib/core/widgets/app_confirm_dialog.dart
DA:8,1
DA:26,1
DA:34,1
DA:36,2
DA:47,1
DA:49,2
DA:50,1
DA:51,1
DA:52,1
DA:54,1
DA:55,2
DA:56,2
DA:57,1
DA:58,1
DA:59,1
DA:60,3
DA:63,1
DA:64,1
DA:65,3
LF:19
LH:19
end_of_record
SF:lib/core/widgets/app_empty_state.dart
DA:9,1
DA:27,1
DA:29,1
DA:30,1
DA:31,2
DA:33,1
DA:34,1
DA:35,2
DA:36,1
DA:38,1
DA:39,2
DA:40,1
DA:41,1
DA:42,1
DA:43,1
DA:44,0
DA:45,0
DA:46,0
DA:51,1
DA:52,1
DA:53,3
DA:56,1
DA:57,1
DA:58,1
DA:59,3
DA:62,3
DA:64,3
LF:27
LH:24
end_of_record
SF:lib/core/widgets/app_input.dart
DA:9,1
DA:46,1
DA:48,1
DA:49,1
DA:51,1
DA:52,1
DA:53,1
DA:54,1
DA:55,1
DA:56,1
DA:57,1
DA:58,1
DA:59,1
DA:60,1
DA:61,1
DA:62,1
DA:63,1
DA:64,1
DA:65,1
DA:66,1
DA:67,1
DA:68,1
DA:69,1
DA:70,1
DA:71,1
DA:72,1
DA:74,1
DA:75,2
DA:76,1
DA:77,3
DA:78,1
DA:81,1
DA:82,2
DA:83,1
DA:84,3
DA:85,1
DA:88,1
DA:89,2
DA:90,1
DA:91,3
DA:92,1
DA:95,1
DA:96,2
DA:97,1
DA:98,3
DA:99,1
LF:46
LH:46
end_of_record
SF:lib/core/widgets/app_list_tile.dart
DA:8,1
DA:36,1
DA:38,1
DA:39,2
DA:41,1
DA:42,1
DA:43,1
DA:44,1
DA:45,1
DA:47,1
DA:48,1
DA:49,1
DA:51,1
DA:52,1
DA:53,1
DA:54,1
DA:55,1
DA:58,1
DA:59,1
DA:60,1
DA:62,0
DA:67,1
DA:73,1
DA:74,1
DA:76,1
DA:78,1
DA:79,1
DA:80,1
DA:81,2
LF:29
LH:28
end_of_record
SF:lib/core/widgets/app_scaffold.dart
DA:9,1
DA:35,1
DA:37,1
DA:38,2
DA:40,1
DA:41,1
DA:42,1
DA:43,1
DA:44,1
DA:45,1
DA:46,1
DA:47,1
DA:49,3
DA:50,1
DA:52,1
DA:53,1
DA:54,2
DA:55,1
DA:56,1
DA:57,1
DA:59,1
LF:21
LH:21
end_of_record
SF:lib/core/widgets/app_section_header.dart
DA:8,0
DA:15,1
DA:17,1
DA:18,1
DA:19,2
DA:21,1
DA:22,1
DA:23,1
DA:24,1
DA:25,1
DA:26,1
DA:27,1
DA:29,1
DA:30,1
DA:31,1
DA:32,1
DA:33,2
DA:34,3
DA:39,1
LF:19
LH:18
end_of_record
